2	00:36:15.006	Expert Neverland_304 GBPUSD,H1: removed
0	00:36:15.279	TW MetaTrader 4 build 1353 stopped
0	01:51:47.774	TW MetaTrader 4 build 1353 started (TW Corp.)
0	01:51:47.774	Microsoft Windows 7 x64, IE 11, 8 x AMD Ryzen 7 3750H with Radeon Vega Mobile Gfx, Memory: 7960 / 17483 Mb, Disk: 105 / 191 Gb, GMT+2
0	01:51:47.774	Data Folder: Z:\home\trev\ZIMBO\headless-metatrader4\mt4-distro
0	01:51:47.993	Started with configuration file 'startup.ini'
2	01:51:49.184	Expert Neverland_304 EURUSD,H1: loaded successfully
2	01:51:49.231	Expert Neverland_304 GBPUSD,H1: loaded successfully
0	07:09:19.372	TW MetaTrader 4 build 1353 started (TW Corp.)
0	07:09:19.373	Microsoft Windows 7 x64, IE 11, 8 x AMD Ryzen 7 3750H with Radeon Vega Mobile Gfx, Memory: 10556 / 17483 Mb, Disk: 103 / 191 Gb, GMT+2
0	07:09:19.373	Data Folder: Z:\home\trev\ZIMBO\headless-metatrader4\mt4-distro
0	07:09:19.642	Started with configuration file 'startup.ini'
2	07:09:20.828	Expert Neverland_304 EURUSD,H1: loaded successfully
0	07:09:36.203	'1755661': login on TradersWay-Demo through Data Center 5 (ping: 187.83 ms)
0	07:09:38.347	'1755661': login datacenter on TradersWay-Demo through Data Center 5 (ping: 187.83 ms)
0	07:09:38.926	'1755661': previous successful authorization performed from 169.0.168.111
0	07:09:46.894	'1755661': auto connecting to a better access point Data Center 3 (ping is 188.02 ms)
0	07:09:47.549	'1755661': login on TradersWay-Demo through Data Center 3 (ping: 188.02 ms)
0	07:09:49.581	'1755661': login datacenter on TradersWay-Demo through Data Center 3 (ping: 188.02 ms)
0	07:09:50.063	'1755661': previous successful authorization performed from 169.0.168.111
2	07:37:09.465	Expert Neverland_304 EURUSD,H1: removed
0	07:37:09.846	TW MetaTrader 4 build 1353 stopped
0	07:45:22.679	TW MetaTrader 4 build 1353 started (TW Corp.)
0	07:45:22.680	Microsoft Windows 7 x64, IE 11, 8 x AMD Ryzen 7 3750H with Radeon Vega Mobile Gfx, Memory: 10125 / 17483 Mb, Disk: 103 / 191 Gb, GMT+2
0	07:45:22.680	Data Folder: Z:\home\trev\ZIMBO\headless-metatrader4\mt4-distro
0	07:45:23.044	Sources recompilation started
0	07:45:25.622	Sources recompilation finished (1 compiled in 2578 msec)
0	07:45:25.624	Started with configuration file 'startup.ini'
2	07:45:27.327	Expert Neverland_304 EURUSD,H1: loaded successfully
0	07:55:02.781	TW MetaTrader 4 build 1353 started (TW Corp.)
0	07:55:02.782	Microsoft Windows 7 x64, IE 11, 8 x AMD Ryzen 7 3750H with Radeon Vega Mobile Gfx, Memory: 9883 / 17483 Mb, Disk: 103 / 191 Gb, GMT+2
0	07:55:02.782	Data Folder: Z:\home\trev\ZIMBO\headless-metatrader4\mt4-distro
0	07:55:03.145	Started with configuration file 'startup.ini'
2	07:55:04.811	Expert Neverland_304 EURUSD,H1: loaded successfully
0	07:55:15.093	'1755661': login on TradersWay-Demo through Data Center 3 (ping: 188.02 ms)
0	07:55:17.206	'1755661': login datacenter on TradersWay-Demo through Data Center 3 (ping: 188.02 ms)
0	07:55:17.658	'1755661': previous successful authorization performed from 169.0.168.111
2	07:56:04.045	Expert Neverland_304 EURUSD,H1: removed
0	07:56:04.497	TW MetaTrader 4 build 1353 stopped
0	10:19:27.321	TW MetaTrader 4 build 1353 started (TW Corp.)
0	10:19:27.322	Microsoft Windows 7 x64, IE 11, 8 x AMD Ryzen 7 3750H with Radeon Vega Mobile Gfx, Memory: 11675 / 17483 Mb, Disk: 103 / 191 Gb, GMT+2
0	10:19:27.322	Data Folder: Z:\home\trev\ZIMBO\headless-metatrader4\mt4-distro
0	10:19:27.578	Started with configuration file 'startup.ini'
2	10:19:28.772	Expert Neverland_304 GBPUSD,H1: loaded successfully
0	10:19:41.316	'1755661': login on TradersWay-Demo through Data Center 3 (ping: 188.02 ms)
0	10:19:43.555	'1755661': login datacenter on TradersWay-Demo through Data Center 3 (ping: 188.02 ms)
0	10:19:43.987	'1755661': previous successful authorization performed from 169.0.168.111
0	10:19:52.751	'1755661': auto connecting to a better access point Data Center 5 (ping is 169.29 ms)
0	10:19:53.448	'1755661': login on TradersWay-Demo through Data Center 5 (ping: 169.29 ms)
0	10:19:55.692	'1755661': login datacenter on TradersWay-Demo through Data Center 5 (ping: 169.29 ms)
0	10:19:56.193	'1755661': previous successful authorization performed from 169.0.168.111
2	11:03:54.038	Expert Neverland_304 GBPUSD,H1: removed
2	11:08:03.405	Expert Neverland_304 GBPUSD,H1: loaded successfully
2	11:08:52.868	Expert Neverland_304 GBPUSD,H1: removed
2	11:08:52.882	Expert Neverland_304 GBPUSD,H1: loaded successfully
2	11:11:03.016	Expert Neverland_304 GBPUSD,H1: removed
2	11:11:03.031	Expert Neverland_304 GBPUSD,H1: loaded successfully
2	11:11:15.959	Expert Neverland_304 GBPUSD,H1: removed
2	11:11:15.978	Expert Neverland_304 GBPUSD,H1: loaded successfully
2	11:11:58.231	Expert Neverland_304 GBPUSD,H1: removed
2	11:11:58.246	Expert Neverland_304 GBPUSD,H1: loaded successfully
2	11:12:05.755	Expert Neverland_304 GBPUSD,H1: removed
2	11:12:05.769	Expert Neverland_304 GBPUSD,H1: loaded successfully
2	11:12:34.410	Expert Neverland_304 GBPUSD,H1: removed
2	11:12:34.430	Expert Neverland_304 GBPUSD,H1: loaded successfully
2	11:23:12.845	Expert Neverland_304 GBPUSD,H1: removed
0	19:36:07.776	TW MetaTrader 4 build 1353 started (TW Corp.)
0	19:36:07.777	Microsoft Windows 7 x64, IE 11, 8 x AMD Ryzen 7 3750H with Radeon Vega Mobile Gfx, Memory: 11281 / 17483 Mb, Disk: 98 / 191 Gb, GMT+2
0	19:36:07.777	Data Folder: Z:\home\trev\ZIMBO\headless-metatrader4\mt4-distro
0	19:36:08.048	Started with configuration file 'startup.ini'
2	19:36:09.316	Expert Neverland_304 GBPUSD,H1: loaded successfully
0	19:36:25.119	'1755661': login on TradersWay-Demo through Data Center 5 (ping: 169.29 ms)
0	19:36:27.358	'1755661': login datacenter on TradersWay-Demo through Data Center 5 (ping: 169.29 ms)
0	19:36:27.825	'1755661': previous successful authorization performed from 169.0.168.111
0	19:36:35.642	'1755661': auto connecting to a better access point Data Center 1 (ping is 190.69 ms)
0	19:36:36.320	'1755661': login on TradersWay-Demo through Data Center 1 (ping: 190.69 ms)
0	19:36:37.960	'1755661': login datacenter on TradersWay-Demo through Data Center 1 (ping: 190.69 ms)
0	19:36:38.367	'1755661': previous successful authorization performed from 169.0.168.111
0	19:37:21.868	'1755661': close order #194051130 sell 0.92 EURUSD at 1.13550 sl: 1.13747 tp: 0.00000 at price 0.00000
0	19:37:22.116	'1755661': order #194051130 sell 0.92 EURUSD at 1.13550 sl: 1.13747 tp: 0.00000 closed at price 1.13526
0	19:37:22.124	'1755661': pending order sell stop 0.92 EURUSD at 1.13505 sl: 1.13701 tp: 0.00000
0	19:37:22.366	Trades: use hosting service to speed up the execution - 1.05 ms via 'MQL5 Amsterdam 02 (MQL5.community)' instead of 190.69 ms
0	19:37:22.366	'1755661': order was opened : #194051603 sell stop 0.92 EURUSD at 1.13505 sl: 1.13701 tp: 0.00000
0	19:38:24.118	'1755661': modify pending order #194051604 sell stop 0.92 EURUSD at 1.13505 sl: 1.13701 tp: 0.00000 -> price: 1.13520 sl: 1.13716 tp: 0.00000
0	19:38:24.441	'1755661': pending order #194051604 sell stop 0.92 EURUSD was modified -> price: 1.13520 sl: 1.13716 tp: 0.00000
0	19:38:24.441	'1755661': modify pending order #194051603 sell stop 0.92 EURUSD at 1.13505 sl: 1.13701 tp: 0.00000 -> price: 1.13520 sl: 1.13716 tp: 0.00000
0	19:38:24.739	'1755661': pending order #194051603 sell stop 0.92 EURUSD was modified -> price: 1.13520 sl: 1.13716 tp: 0.00000
0	19:39:35.470	'1755661': order #194051603 sell stop 0.92 EURUSD at 1.13520 activated at price 1.13520
0	19:39:35.470	'1755661': order #194051604 sell stop 0.92 EURUSD at 1.13520 activated at price 1.13520
0	19:42:46.423	'1755661': pending order sell stop 0.92 GBPUSD at 1.35753 sl: 1.35950 tp: 0.00000
0	19:42:46.696	'1755661': order was opened : #194051804 sell stop 0.92 GBPUSD at 1.35753 sl: 1.35950 tp: 0.00000
0	19:44:11.942	'1755661': order #194051803 sell stop 0.92 GBPUSD at 1.35753 activated at price 1.35753
0	19:44:11.942	'1755661': order #194051804 sell stop 0.92 GBPUSD at 1.35753 activated at price 1.35753
0	19:48:03.120	'1755661': pending order buy stop 0.92 USDJPY at 115.652 sl: 115.454 tp: 0.000
0	19:48:03.387	'1755661': order was opened : #194052065 buy stop 0.92 USDJPY at 115.652 sl: 115.454 tp: 0.000
0	19:51:03.871	'1755661': modify pending order #194052065 buy stop 0.92 USDJPY at 115.652 sl: 115.454 tp: 0.000 -> price: 115.636 sl: 115.436 tp: 0.000
0	19:51:04.128	'1755661': pending order #194052065 buy stop 0.92 USDJPY was modified -> price: 115.636 sl: 115.436 tp: 0.000
0	19:51:04.129	'1755661': modify pending order #194052064 buy stop 0.92 USDJPY at 115.652 sl: 115.454 tp: 0.000 -> price: 115.636 sl: 115.436 tp: 0.000
0	19:51:04.379	'1755661': pending order #194052064 buy stop 0.92 USDJPY was modified -> price: 115.636 sl: 115.436 tp: 0.000
0	19:51:25.706	'1755661': order #194052064 buy stop 0.92 USDJPY at 115.636 activated at price 115.636
0	19:51:25.706	'1755661': order #194052065 buy stop 0.92 USDJPY at 115.636 activated at price 115.636
0	20:05:54.820	'1755661': pending order sell stop 0.92 EURGBP at 0.83622 sl: 0.83820 tp: 0.00000
0	20:05:55.094	'1755661': order was opened : #194052911 sell stop 0.92 EURGBP at 0.83622 sl: 0.83820 tp: 0.00000
0	20:06:00.828	'1755661': order #194052911 sell stop 0.92 EURGBP at 0.83622 activated at price 0.83622
0	20:10:23.520	'1755661': order sell market 1.62 GBPUSD sl: 1.35950 tp: 0.00000
0	20:10:23.786	'1755661': order was opened : #194053057 sell 1.62 GBPUSD at 1.35810 sl: 1.35950 tp: 0.00000
0	20:12:01.871	'1755661': order sell market 1.62 EURUSD sl: 1.13716 tp: 0.00000
0	20:12:02.141	'1755661': order was opened : #194053111 sell 1.62 EURUSD at 1.13576 sl: 1.13716 tp: 0.00000
2	20:25:24.985	Expert Neverland_304 GBPUSD,H1: removed
2	20:25:25.004	Expert Neverland_304 GBPUSD,H1: loaded successfully
0	20:33:49.979	'1755661': order buy market 1.62 USDJPY sl: 115.436 tp: 0.000
0	20:33:50.242	'1755661': order was opened : #194053861 buy 1.62 USDJPY at 115.578 sl: 115.436 tp: 0.000
0	20:37:07.946	'1755661': order sell market 2.65 GBPUSD sl: 1.35950 tp: 0.00000
0	20:37:08.235	'1755661': order was opened : #194054046 sell 2.65 GBPUSD at 1.35868 sl: 1.35950 tp: 0.00000
