0	19:31:59.037	Compiling 'MACD Sample'
0	19:31:59.037	Compiling 'Moving Average'
0	19:32:01.098	Compiling 'Accelerator'
0	19:32:01.098	Compiling 'Accumulation'
0	19:32:01.098	Compiling 'Alligator'
0	19:32:01.098	Compiling 'ATR'
0	19:32:01.098	Compiling 'Awesome'
0	19:32:01.098	Compiling 'Bands'
0	19:32:01.098	Compiling 'Bears'
0	19:32:01.099	Compiling 'Bulls'
0	19:32:01.099	Compiling 'CCI'
0	19:32:01.099	Compiling 'Custom Moving Averages'
0	19:32:01.099	Compiling 'Heiken Ashi'
0	19:32:01.099	Compiling 'Ichimoku'
0	19:32:01.099	Compiling 'iExposure'
0	19:32:01.099	Compiling 'MACD'
0	19:32:01.099	Compiling 'Momentum'
0	19:32:01.099	Compiling 'OsMA'
0	19:32:01.099	Compiling 'Parabolic'
0	19:32:01.099	Compiling 'RSI'
0	19:32:01.099	Compiling 'Stochastic'
0	19:32:01.099	Compiling 'ZigZag'
0	19:32:01.099	Compiling 'SimplePanel'
0	19:32:07.487	Compiling 'PeriodConverter'
0	19:32:07.487	Compiling 'DLLSampleTester'
0	19:32:07.487	Compiling 'PipeClient'
0	19:32:07.487	Compiling 'PipeClientPure'
0	19:32:09.913	Compiling 'stdlib'
0	19:33:39.792	Automated trading enabled
0	20:23:04.340	Expert MACD Sample EURUSD,H1: loaded successfully
0	20:23:04.340	MACD Sample EURUSD,H1 inputs: TakeProfit=50.0; Lots=0.1; TrailingStop=30.0; MACDOpenLevel=3.0; MACDCloseLevel=2.0; MATrendPeriod=26; 
